[I 2026-05-18 20:41:13,711] Trial 75 finished with value: 1369.6571903935185 and parameters: {'n_estimators': 1646, 'learning_rate': 0.050349825030085144, 'max_depth': 10, 'min_child_weight': 1.2320851708469418, 'subsample': 0.6812423503361731, 'colsample_bytree': 0.7215512845550999, 'gamma': 0.05417038687161319, 'reg_alpha': 5.0754004214697435e-08, 'reg_lambda': 1.886553111524339e-05}. Best is trial 31 with value: 1258.9909125434028.
[I 2026-05-18 20:41:14,537] Trial 76 finished with value: 1407.702808521412 and parameters: {'n_estimators': 1685, 'learning_rate': 0.08760897645398527, 'max_depth': 10, 'min_child_weight': 1.4321920347016157, 'subsample': 0.6390392529508225, 'colsample_bytree': 0.7750410122657722, 'gamma': 5.99865458403992e-06, 'reg_alpha': 2.678491195329008e-07, 'reg_lambda': 2.862053524697835e-06}. Best is trial 31 with value: 1258.9909125434028.
[I 2026-05-18 20:41:15,400] Trial 77 finished with value: 1434.0362955729167 and parameters: {'n_estimators': 1997, 'learning_rate': 0.043845957175562354, 'max_depth': 7, 'min_child_weight': 1.140489246296551, 'subsample': 0.7081794970681072, 'colsample_bytree': 0.6764704627529105, 'gamma': 0.0016258288755686783, 'reg_alpha': 1.362123000099059e-07, 'reg_lambda': 4.973144231049776e-05}. Best is trial 31 with value: 1258.9909125434028.
[I 2026-05-18 20:41:15,904] Trial 78 finished with value: 1382.0612883391204 and parameters: {'n_estimators': 1847, 'learning_rate': 0.06956126596306719, 'max_depth': 10, 'min_child_weight': 1.2763625698322247, 'subsample': 0.7259928173935226, 'colsample_bytree': 0.7146256990907088, 'gamma': 4.8729605896035764e-05, 'reg_alpha': 3.519826603980131e-06, 'reg_lambda': 0.00026105801630916376}. Best is trial 31 with value: 1258.9909125434028.
[I 2026-05-18 20:41:17,288] Trial 79 finished with value: 1579.1005226417824 and parameters: {'n_estimators': 1567, 'learning_rate': 0.05275607141112935, 'max_depth': 10, 'min_child_weight': 1.0644847930961132, 'subsample': 0.6543400164628589, 'colsample_bytree': 0.6613261785325446, 'gamma': 0.0004741510118987244, 'reg_alpha': 7.630349227268882e-07, 'reg_lambda': 0.00014095060027352849}. Best is trial 31 with value: 1258.9909125434028.
[I 2026-05-18 20:41:18,251] Trial 80 finished with value: 1301.5015281394676 and parameters: {'n_estimators': 1704, 'learning_rate': 0.05992733514160675, 'max_depth': 10, 'min_child_weight': 1.473381585724684, 'subsample': 0.6271286583537538, 'colsample_bytree': 0.6974222882359918, 'gamma': 0.1333208836899086, 'reg_alpha': 1.5336590051150192e-07, 'reg_lambda': 0.0019057375933095408}. Best is trial 31 with value: 1258.9909125434028.
[I 2026-05-18 20:41:19,413] Trial 81 finished with value: 1401.4971697771991 and parameters: {'n_estimators': 1716, 'learning_rate': 0.05743401697424583, 'max_depth': 10, 'min_child_weight': 1.0001526690148776, 'subsample': 0.6671059908542304, 'colsample_bytree': 0.7313671022335791, 'gamma': 0.25004188280239154, 'reg_alpha': 2.0611611544234936e-07, 'reg_lambda': 0.004019070883787895}. Best is trial 31 with value: 1258.9909125434028.
[I 2026-05-18 20:41:20,355] Trial 82 finished with value: 1343.848831741898 and parameters: {'n_estimators': 1423, 'learning_rate': 0.06373253569279365, 'max_depth': 10, 'min_child_weight': 1.4596012870505077, 'subsample': 0.6301138250178795, 'colsample_bytree': 0.692790866980074, 'gamma': 0.12383623240341596, 'reg_alpha': 2.5800096549155447e-06, 'reg_lambda': 0.0016344175851121835}. Best is trial 31 with value: 1258.9909125434028.
[I 2026-05-18 20:41:21,230] Trial 83 finished with value: 1343.0524540653935 and parameters: {'n_estimators': 1782, 'learning_rate': 0.04740290218583072, 'max_depth': 10, 'min_child_weight': 1.2682171839782075, 'subsample': 0.6412710211542937, 'colsample_bytree': 0.745902079947116, 'gamma': 0.6691679949182865, 'reg_alpha': 1.270208252099847e-07, 'reg_lambda': 0.0007290179439014862}. Best is trial 31 with value: 1258.9909125434028.
[I 2026-05-18 20:41:22,412] Trial 84 finished with value: 1402.8907606336807 and parameters: {'n_estimators': 1892, 'learning_rate': 0.08204026092731291, 'max_depth': 10, 'min_child_weight': 1.1860069274931255, 'subsample': 0.6016836546866362, 'colsample_bytree': 0.7617685283208998, 'gamma': 0.4107380309040062, 'reg_alpha': 2.160943405792466e-08, 'reg_lambda': 0.026974319780801358}. Best is trial 31 with value: 1258.9909125434028.
[I 2026-05-18 20:41:24,184] Trial 85 finished with value: 1649.362747757523 and parameters: {'n_estimators': 1324, 'learning_rate': 0.07409183106038673, 'max_depth': 10, 'min_child_weight': 6.627113415579379, 'subsample': 0.6245826370540382, 'colsample_bytree': 0.6782283142259604, 'gamma': 4.798615232741261e-08, 'reg_alpha': 6.034418584247313e-07, 'reg_lambda': 4.29916087626178e-05}. Best is trial 31 with value: 1258.9909125434028.
[I 2026-05-18 20:41:24,757] Trial 86 finished with value: 1250.8035753038193 and parameters: {'n_estimators': 1670, 'learning_rate': 0.09536048291617, 'max_depth': 7, 'min_child_weight': 1.6181393763357586, 'subsample': 0.6495632292645762, 'colsample_bytree': 0.702502980497742, 'gamma': 0.13545774643358707, 'reg_alpha': 3.3916011796271884e-05, 'reg_lambda': 0.012004047691978367}. Best is trial 86 with value: 1250.8035753038193.
[I 2026-05-18 20:41:25,866] Trial 87 finished with value: 1379.0013020833333 and parameters: {'n_estimators': 1551, 'learning_rate': 0.042682814106288304, 'max_depth': 7, 'min_child_weight': 1.6270388660796167, 'subsample': 0.6778972817552269, 'colsample_bytree': 0.6998745091452846, 'gamma': 0.0246263969190543, 'reg_alpha': 3.358004394445754e-05, 'reg_lambda': 0.0004911842779734845}. Best is trial 86 with value: 1250.8035753038193.
[I 2026-05-18 20:41:26,246] Trial 88 finished with value: 1813.3306907371239 and parameters: {'n_estimators': 1742, 'learning_rate': 0.28085114344927115, 'max_depth': 6, 'min_child_weight': 1.3998221202117553, 'subsample': 0.6622543716445937, 'colsample_bytree': 0.6545038351585546, 'gamma': 0.06019581827721, 'reg_alpha': 0.00017129933560648127, 'reg_lambda': 0.002246578977521423}. Best is trial 86 with value: 1250.8035753038193.
[I 2026-05-18 20:41:26,632] Trial 89 finished with value: 1322.6327130353009 and parameters: {'n_estimators': 1667, 'learning_rate': 0.1380145154384336, 'max_depth': 7, 'min_child_weight': 1.4893246955196675, 'subsample': 0.6496637118904224, 'colsample_bytree': 0.6321454471208595, 'gamma': 2.6162291340065623e-07, 'reg_alpha': 5.695026125844769e-05, 'reg_lambda': 0.010457610969766476}. Best is trial 86 with value: 1250.8035753038193.
Best trial: 86. Best value: 1250.8:  90%|█████████ | 90/100 [02:02<00:07,  1.39it/s]Best trial: 86. Best value: 1250.8:  90%|█████████ | 90/100 [02:02<00:07,  1.39it/s]Best trial: 86. Best value: 1250.8:  91%|█████████ | 91/100 [02:02<00:06,  1.41it/s]                                                                                    Best trial: 86. Best value: 1250.8:  91%|█████████ | 91/100 [02:03<00:06,  1.41it/s]Best trial: 86. Best value: 1250.8:  91%|█████████ | 91/100 [02:03<00:06,  1.41it/s]Best trial: 86. Best value: 1250.8:  92%|█████████▏| 92/100 [02:03<00:06,  1.30it/s]                                                                                    Best trial: 86. Best value: 1250.8:  92%|█████████▏| 92/100 [02:04<00:06,  1.30it/s]Best trial: 86. Best value: 1250.8:  92%|█████████▏| 92/100 [02:04<00:06,  1.30it/s]Best trial: 86. Best value: 1250.8:  93%|█████████▎| 93/100 [02:04<00:05,  1.33it/s]                                                                                    Best trial: 86. Best value: 1250.8:  93%|█████████▎| 93/100 [02:04<00:05,  1.33it/s]Best trial: 93. Best value: 1211.98:  93%|█████████▎| 93/100 [02:05<00:05,  1.33it/s]Best trial: 93. Best value: 1211.98:  94%|█████████▍| 94/100 [02:05<00:04,  1.23it/s]                                                                                     Best trial: 93. Best value: 1211.98:  94%|█████████▍| 94/100 [02:06<00:04,  1.23it/s]Best trial: 93. Best value: 1211.98:  94%|█████████▍| 94/100 [02:06<00:04,  1.23it/s]Best trial: 93. Best value: 1211.98:  95%|█████████▌| 95/100 [02:06<00:04,  1.01it/s]                                                                                     Best trial: 93. Best value: 1211.98:  95%|█████████▌| 95/100 [02:07<00:04,  1.01it/s]Best trial: 93. Best value: 1211.98:  95%|█████████▌| 95/100 [02:07<00:04,  1.01it/s]Best trial: 93. Best value: 1211.98:  96%|█████████▌| 96/100 [02:07<00:04,  1.04s/it]                                                                                     Best trial: 93. Best value: 1211.98:  96%|█████████▌| 96/100 [02:08<00:04,  1.04s/it]Best trial: 93. Best value: 1211.98:  96%|█████████▌| 96/100 [02:08<00:04,  1.04s/it]Best trial: 93. Best value: 1211.98:  97%|█████████▋| 97/100 [02:08<00:02,  1.08it/s]                                                                                     Best trial: 93. Best value: 1211.98:  97%|█████████▋| 97/100 [02:09<00:02,  1.08it/s]Best trial: 93. Best value: 1211.98:  97%|█████████▋| 97/100 [02:09<00:02,  1.08it/s]Best trial: 93. Best value: 1211.98:  98%|█████████▊| 98/100 [02:09<00:02,  1.13s/it]                                                                                     Best trial: 93. Best value: 1211.98:  98%|█████████▊| 98/100 [02:11<00:02,  1.13s/it]Best trial: 93. Best value: 1211.98:  98%|█████████▊| 98/100 [02:11<00:02,  1.13s/it]Best trial: 93. Best value: 1211.98:  99%|█████████▉| 99/100 [02:11<00:01,  1.16s/it]                                                                                     Best trial: 93. Best value: 1211.98:  99%|█████████▉| 99/100 [02:11<00:01,  1.16s/it]Best trial: 93. Best value: 1211.98:  99%|█████████▉| 99/100 [02:11<00:01,  1.16s/it]Best trial: 93. Best value: 1211.98: 100%|██████████| 100/100 [02:11<00:00,  1.05s/it]Best trial: 93. Best value: 1211.98: 100%|██████████| 100/100 [02:11<00:00,  1.32s/it]
INFO:__main__:Best trial: MAE=1211.98, params={'n_estimators': 1008, 'learning_rate': 0.06739561383370814, 'max_depth': 8, 'min_child_weight': 1.8612104200771962, 'subsample': 0.6437147017676818, 'colsample_bytree': 0.6674508665543973, 'gamma': 0.7195169873439238, 'reg_alpha': 0.36475673080585763, 'reg_lambda': 0.007473050434979158}
INFO:__main__:Training median model (quantile=0.5)...
INFO:__main__:Training quantile models (0.25, 0.75)...
Traceback (most recent call last):
  File "/usr/lib/python3.10/runpy.py", line 196, in _run_module_as_main
    return _run_code(code, main_globals, None,
  File "/usr/lib/python3.10/runpy.py", line 86, in _run_code
    exec(code, run_globals)
  File "/home/mativo/japan-imports/backend/app/ml/train.py", line 245, in <module>
    metrics = train(
  File "/home/mativo/japan-imports/backend/app/ml/train.py", line 143, in train
    model_q25 = train_quantile_model(X_train, y_train, X_test, y_test, 0.25, default_params)
  File "/home/mativo/japan-imports/backend/app/ml/train.py", line 76, in train_quantile_model
    model.fit(X_train, y_train, eval_set=[(X_test, y_test)], verbose=False)
  File "/home/mativo/japan-imports/venv/lib/python3.10/site-packages/xgboost/core.py", line 730, in inner_f
    return func(**kwargs)
  File "/home/mativo/japan-imports/venv/lib/python3.10/site-packages/xgboost/sklearn.py", line 1090, in fit
    self._Booster = train(
  File "/home/mativo/japan-imports/venv/lib/python3.10/site-packages/xgboost/core.py", line 730, in inner_f
    return func(**kwargs)
  File "/home/mativo/japan-imports/venv/lib/python3.10/site-packages/xgboost/training.py", line 176, in train
    bst = cb_container.before_training(bst)
  File "/home/mativo/japan-imports/venv/lib/python3.10/site-packages/xgboost/callback.py", line 159, in before_training
    model = c.before_training(model=model)
  File "/home/mativo/japan-imports/venv/lib/python3.10/site-packages/xgboost/callback.py", line 354, in before_training
    self.starting_round = model.num_boosted_rounds()
  File "/home/mativo/japan-imports/venv/lib/python3.10/site-packages/xgboost/core.py", line 2634, in num_boosted_rounds
    _check_call(_LIB.XGBoosterBoostedRounds(self.handle, ctypes.byref(rounds)))
  File "/home/mativo/japan-imports/venv/lib/python3.10/site-packages/xgboost/core.py", line 282, in _check_call
    raise XGBoostError(py_str(_LIB.XGBGetLastError()))
xgboost.core.XGBoostError: [20:41:37] /workspace/src/objective/objective.cc:27: Unknown objective function: `reg:quantilehubererror`
Objective candidate: rank:ndcg
Objective candidate: rank:pairwise
Objective candidate: rank:map
Objective candidate: survival:aft
Objective candidate: binary:hinge
Objective candidate: multi:softmax
Objective candidate: multi:softprob
Objective candidate: reg:quantileerror
Objective candidate: reg:squarederror
Objective candidate: reg:squaredlogerror
Objective candidate: reg:logistic
Objective candidate: binary:logistic
Objective candidate: binary:logitraw
Objective candidate: reg:linear
Objective candidate: reg:pseudohubererror
Objective candidate: count:poisson
Objective candidate: survival:cox
Objective candidate: reg:gamma
Objective candidate: reg:tweedie
Objective candidate: reg:absoluteerror

Stack trace:
  [bt] (0) /home/mativo/japan-imports/venv/lib/python3.10/site-packages/xgboost/lib/libxgboost.so(+0x1ba24e) [0x7504937ba24e]
  [bt] (1) /home/mativo/japan-imports/venv/lib/python3.10/site-packages/xgboost/lib/libxgboost.so(+0x60c6ce) [0x750493c0c6ce]
  [bt] (2) /home/mativo/japan-imports/venv/lib/python3.10/site-packages/xgboost/lib/libxgboost.so(+0x4b9c3f) [0x750493ab9c3f]
  [bt] (3) /home/mativo/japan-imports/venv/lib/python3.10/site-packages/xgboost/lib/libxgboost.so(+0x4cccd3) [0x750493acccd3]
  [bt] (4) /home/mativo/japan-imports/venv/lib/python3.10/site-packages/xgboost/lib/libxgboost.so(XGBoosterBoostedRounds+0x32) [0x75049375d4d2]
  [bt] (5) /lib/x86_64-linux-gnu/libffi.so.8(+0x7e2e) [0x7504f14d2e2e]
  [bt] (6) /lib/x86_64-linux-gnu/libffi.so.8(+0x4493) [0x7504f14cf493]
  [bt] (7) /usr/lib/python3.10/lib-dynload/_ctypes.cpython-310-x86_64-linux-gnu.so(+0xa5d7) [0x7504f14e95d7]
  [bt] (8) /usr/lib/python3.10/lib-dynload/_ctypes.cpython-310-x86_64-linux-gnu.so(+0x9a00) [0x7504f14e8a00]


[I 2026-05-18 20:41:27,304] Trial 90 finished with value: 1381.4952437789352 and parameters: {'n_estimators': 1601, 'learning_rate': 0.09859812386523259, 'max_depth': 7, 'min_child_weight': 1.6974311215743838, 'subsample': 0.6854911413649081, 'colsample_bytree': 0.7134208091064124, 'gamma': 0.16929731167709863, 'reg_alpha': 1.7220134203613572e-05, 'reg_lambda': 0.00014917038344470043}. Best is trial 86 with value: 1250.8035753038193.
[I 2026-05-18 20:41:28,214] Trial 91 finished with value: 1342.0396502459491 and parameters: {'n_estimators': 1825, 'learning_rate': 0.06019844156530812, 'max_depth': 8, 'min_child_weight': 1.3548243892857788, 'subsample': 0.6339993934210316, 'colsample_bytree': 0.7251867313743194, 'gamma': 0.3853196809117752, 'reg_alpha': 7.180257396645371e-08, 'reg_lambda': 0.005092390312022634}. Best is trial 86 with value: 1250.8035753038193.
[I 2026-05-18 20:41:28,938] Trial 92 finished with value: 1358.0691822193287 and parameters: {'n_estimators': 1719, 'learning_rate': 0.08784272762421344, 'max_depth': 7, 'min_child_weight': 1.1238415634363212, 'subsample': 0.6211954660338008, 'colsample_bytree': 0.6884061292488859, 'gamma': 0.13696952018263633, 'reg_alpha': 1.7652964078730897e-07, 'reg_lambda': 0.017058688871608493}. Best is trial 86 with value: 1250.8035753038193.
[I 2026-05-18 20:41:29,887] Trial 93 finished with value: 1211.984058521412 and parameters: {'n_estimators': 1008, 'learning_rate': 0.06739561383370814, 'max_depth': 8, 'min_child_weight': 1.8612104200771962, 'subsample': 0.6437147017676818, 'colsample_bytree': 0.6674508665543973, 'gamma': 0.7195169873439238, 'reg_alpha': 0.36475673080585763, 'reg_lambda': 0.007473050434979158}. Best is trial 93 with value: 1211.984058521412.
[I 2026-05-18 20:41:31,300] Trial 94 finished with value: 1377.5194769965278 and parameters: {'n_estimators': 1013, 'learning_rate': 0.05198561592915159, 'max_depth': 6, 'min_child_weight': 1.895115111143516, 'subsample': 0.607106699279949, 'colsample_bytree': 0.6692747063853738, 'gamma': 0.778375692877465, 'reg_alpha': 0.30202869227941, 'reg_lambda': 0.08353866599471829}. Best is trial 93 with value: 1211.984058521412.
[I 2026-05-18 20:41:32,447] Trial 95 finished with value: 1605.6087510850693 and parameters: {'n_estimators': 346, 'learning_rate': 0.03619652856589396, 'max_depth': 9, 'min_child_weight': 2.063125162704954, 'subsample': 0.6446209831135573, 'colsample_bytree': 0.6400872838584588, 'gamma': 0.2543318702976971, 'reg_alpha': 7.723029417940286e-05, 'reg_lambda': 0.038533934470091624}. Best is trial 93 with value: 1211.984058521412.
[I 2026-05-18 20:41:33,118] Trial 96 finished with value: 1632.5074055989583 and parameters: {'n_estimators': 875, 'learning_rate': 0.10734640977330523, 'max_depth': 10, 'min_child_weight': 1.5990538518084836, 'subsample': 0.6653042896358682, 'colsample_bytree': 0.6086208566765383, 'gamma': 0.08056846334519442, 'reg_alpha': 0.0003950177008140078, 'reg_lambda': 0.007501602789184376}. Best is trial 93 with value: 1211.984058521412.
[I 2026-05-18 20:41:34,729] Trial 97 finished with value: 1651.5687934027778 and parameters: {'n_estimators': 514, 'learning_rate': 0.06562163960704831, 'max_depth': 7, 'min_child_weight': 2.6156558134966845, 'subsample': 0.6546939579425448, 'colsample_bytree': 0.8978000742566064, 'gamma': 0.3415791081500725, 'reg_alpha': 2.200841704943107e-06, 'reg_lambda': 0.019400046797011208}. Best is trial 93 with value: 1211.984058521412.
[I 2026-05-18 20:41:35,943] Trial 98 finished with value: 1602.547607421875 and parameters: {'n_estimators': 1116, 'learning_rate': 0.056481122274885595, 'max_depth': 10, 'min_child_weight': 2.409391506015807, 'subsample': 0.6125992375726542, 'colsample_bytree': 0.7840106436232694, 'gamma': 0.995944101768721, 'reg_alpha': 4.3880648752878e-07, 'reg_lambda': 0.0011895016964712202}. Best is trial 93 with value: 1211.984058521412.
[I 2026-05-18 20:41:36,746] Trial 99 finished with value: 1237.1174949363426 and parameters: {'n_estimators': 1636, 'learning_rate': 0.07622394788553813, 'max_depth': 9, 'min_child_weight': 1.2397010800400974, 'subsample': 0.6377640016078537, 'colsample_bytree': 0.6690926500961832, 'gamma': 0.1860711665591223, 'reg_alpha': 6.0143980958405234e-06, 'reg_lambda': 0.003074689928342536}. Best is trial 93 with value: 1211.984058521412.
