[I 2026-05-18 20:39:57,231] Trial 21 finished with value: 1349.623978226273 and parameters: {'n_estimators': 628, 'learning_rate': 0.04905775180508435, 'max_depth': 9, 'min_child_weight': 1.221865213135827, 'subsample': 0.6006841294677095, 'colsample_bytree': 0.7834180073909232, 'gamma': 8.127198573829884e-05, 'reg_alpha': 0.20544207009482135, 'reg_lambda': 0.05178799696064643}. Best is trial 18 with value: 1259.1344310619213.
[I 2026-05-18 20:39:57,758] Trial 22 finished with value: 1442.8184136284722 and parameters: {'n_estimators': 593, 'learning_rate': 0.10103598000262591, 'max_depth': 9, 'min_child_weight': 1.6463755916614424, 'subsample': 0.6187829408222666, 'colsample_bytree': 0.8292577848605198, 'gamma': 3.425166518358856e-06, 'reg_alpha': 0.24837824186933538, 'reg_lambda': 0.04272269729698516}. Best is trial 18 with value: 1259.1344310619213.
[I 2026-05-18 20:39:58,665] Trial 23 finished with value: 1424.4725025318287 and parameters: {'n_estimators': 401, 'learning_rate': 0.038947694067130625, 'max_depth': 8, 'min_child_weight': 1.24772771685024, 'subsample': 0.6024077113406474, 'colsample_bytree': 0.7667385539610261, 'gamma': 0.00013307261287232765, 'reg_alpha': 0.0017043849284682643, 'reg_lambda': 0.0007810648179021482}. Best is trial 18 with value: 1259.1344310619213.
[I 2026-05-18 20:39:59,370] Trial 24 finished with value: 1635.166793258102 and parameters: {'n_estimators': 691, 'learning_rate': 0.0574995531070969, 'max_depth': 7, 'min_child_weight': 2.2216624836778167, 'subsample': 0.7001801224010313, 'colsample_bytree': 0.7049387404105057, 'gamma': 0.0025240185478259763, 'reg_alpha': 8.613372226662873, 'reg_lambda': 0.04351063763862172}. Best is trial 18 with value: 1259.1344310619213.
[I 2026-05-18 20:40:01,446] Trial 25 finished with value: 1594.7839988425926 and parameters: {'n_estimators': 994, 'learning_rate': 0.025039974897300546, 'max_depth': 10, 'min_child_weight': 1.2169789942530447, 'subsample': 0.6397544085057266, 'colsample_bytree': 0.6004993550324558, 'gamma': 2.9526344488850104e-07, 'reg_alpha': 0.24906853349954738, 'reg_lambda': 5.981515743805607}. Best is trial 18 with value: 1259.1344310619213.
[I 2026-05-18 20:40:02,592] Trial 26 finished with value: 1437.6435908564815 and parameters: {'n_estimators': 880, 'learning_rate': 0.022574940752254722, 'max_depth': 9, 'min_child_weight': 1.6456141796070596, 'subsample': 0.645086679570742, 'colsample_bytree': 0.842818555091643, 'gamma': 9.185119568962558e-05, 'reg_alpha': 0.022998848988868004, 'reg_lambda': 3.384421578819517e-05}. Best is trial 18 with value: 1259.1344310619213.
[I 2026-05-18 20:40:03,380] Trial 27 finished with value: 1451.38623046875 and parameters: {'n_estimators': 370, 'learning_rate': 0.03772410492938713, 'max_depth': 8, 'min_child_weight': 1.5820077582393122, 'subsample': 0.6001296656184746, 'colsample_bytree': 0.7801835944852071, 'gamma': 0.011117969879527493, 'reg_alpha': 6.384055425094718e-05, 'reg_lambda': 0.0001451199388201379}. Best is trial 18 with value: 1259.1344310619213.
[I 2026-05-18 20:40:04,077] Trial 28 finished with value: 1365.6140769675926 and parameters: {'n_estimators': 676, 'learning_rate': 0.06432687090077827, 'max_depth': 7, 'min_child_weight': 1.2616533395857155, 'subsample': 0.7033754518900147, 'colsample_bytree': 0.7175002791335523, 'gamma': 0.08814786379577048, 'reg_alpha': 0.5817264325232484, 'reg_lambda': 0.012508821462365155}. Best is trial 18 with value: 1259.1344310619213.
[I 2026-05-18 20:40:06,157] Trial 29 finished with value: 1398.1972294560185 and parameters: {'n_estimators': 663, 'learning_rate': 0.10868015369851225, 'max_depth': 6, 'min_child_weight': 2.1456855903095957, 'subsample': 0.6904397954011849, 'colsample_bytree': 0.6715490596318728, 'gamma': 0.08432054762847391, 'reg_alpha': 0.650382591766954, 'reg_lambda': 0.0025244715620066057}. Best is trial 18 with value: 1259.1344310619213.
[I 2026-05-18 20:40:06,832] Trial 30 finished with value: 1358.097701461227 and parameters: {'n_estimators': 861, 'learning_rate': 0.06353239417397699, 'max_depth': 7, 'min_child_weight': 1.1744073215398425, 'subsample': 0.6548402499585038, 'colsample_bytree': 0.7187960493722253, 'gamma': 0.20790102074438813, 'reg_alpha': 0.561922876697466, 'reg_lambda': 0.018301435935216607}. Best is trial 18 with value: 1259.1344310619213.
[I 2026-05-18 20:40:07,473] Trial 31 finished with value: 1258.9909125434028 and parameters: {'n_estimators': 819, 'learning_rate': 0.06327303484675606, 'max_depth': 7, 'min_child_weight': 1.1801994868994048, 'subsample': 0.6530614219173111, 'colsample_bytree': 0.7248224994031436, 'gamma': 0.17521326922182448, 'reg_alpha': 0.5602064035202315, 'reg_lambda': 0.011702777654853926}. Best is trial 31 with value: 1258.9909125434028.
[I 2026-05-18 20:40:07,972] Trial 32 finished with value: 1391.4165672019676 and parameters: {'n_estimators': 822, 'learning_rate': 0.0776375196430305, 'max_depth': 7, 'min_child_weight': 1.0317141343176257, 'subsample': 0.6420751694691429, 'colsample_bytree': 0.6700095377647285, 'gamma': 0.16748548495239393, 'reg_alpha': 3.4882597827229187, 'reg_lambda': 0.0017569245956226256}. Best is trial 31 with value: 1258.9909125434028.
[I 2026-05-18 20:40:08,292] Trial 33 finished with value: 1509.9471571180557 and parameters: {'n_estimators': 904, 'learning_rate': 0.1268769975054931, 'max_depth': 6, 'min_child_weight': 1.1667413547058485, 'subsample': 0.6653593724100054, 'colsample_bytree': 0.6948799503301186, 'gamma': 9.076719048351475e-08, 'reg_alpha': 0.03991851091272195, 'reg_lambda': 0.18755425410386978}. Best is trial 31 with value: 1258.9909125434028.
[I 2026-05-18 20:40:10,866] Trial 34 finished with value: 1421.5172164351852 and parameters: {'n_estimators': 1145, 'learning_rate': 0.05428002915273071, 'max_depth': 5, 'min_child_weight': 1.4168164648031174, 'subsample': 0.6224101554415142, 'colsample_bytree': 0.7577253013308817, 'gamma': 0.3191582027207754, 'reg_alpha': 0.4874409143008706, 'reg_lambda': 0.0731458139859755}. Best is trial 31 with value: 1258.9909125434028.
[I 2026-05-18 20:40:11,971] Trial 35 finished with value: 1736.054615162037 and parameters: {'n_estimators': 538, 'learning_rate': 0.08213871968443935, 'max_depth': 7, 'min_child_weight': 3.963933850754064, 'subsample': 0.6597884915997851, 'colsample_bytree': 0.6461146651066524, 'gamma': 0.03485681063493829, 'reg_alpha': 8.03034676894045, 'reg_lambda': 1.613554828900576}. Best is trial 31 with value: 1258.9909125434028.
Best trial: 31. Best value: 1258.99:  36%|███▌      | 36/100 [00:48<01:16,  1.20s/it]Best trial: 31. Best value: 1258.99:  36%|███▌      | 36/100 [00:48<01:16,  1.20s/it]Best trial: 31. Best value: 1258.99:  37%|███▋      | 37/100 [00:48<01:10,  1.12s/it]                                                                                     Best trial: 31. Best value: 1258.99:  37%|███▋      | 37/100 [00:48<01:10,  1.12s/it]Best trial: 31. Best value: 1258.99:  37%|███▋      | 37/100 [00:48<01:10,  1.12s/it]Best trial: 31. Best value: 1258.99:  38%|███▊      | 38/100 [00:48<01:00,  1.03it/s]                                                                                     Best trial: 31. Best value: 1258.99:  38%|███▊      | 38/100 [00:49<01:00,  1.03it/s]Best trial: 31. Best value: 1258.99:  38%|███▊      | 38/100 [00:49<01:00,  1.03it/s]Best trial: 31. Best value: 1258.99:  39%|███▉      | 39/100 [00:49<00:54,  1.11it/s]                                                                                     Best trial: 31. Best value: 1258.99:  39%|███▉      | 39/100 [00:49<00:54,  1.11it/s]Best trial: 31. Best value: 1258.99:  39%|███▉      | 39/100 [00:49<00:54,  1.11it/s]Best trial: 31. Best value: 1258.99:  40%|████      | 40/100 [00:49<00:46,  1.30it/s]                                                                                     Best trial: 31. Best value: 1258.99:  40%|████      | 40/100 [00:50<00:46,  1.30it/s]Best trial: 31. Best value: 1258.99:  40%|████      | 40/100 [00:50<00:46,  1.30it/s]Best trial: 31. Best value: 1258.99:  41%|████      | 41/100 [00:50<00:50,  1.17it/s]                                                                                     Best trial: 31. Best value: 1258.99:  41%|████      | 41/100 [00:51<00:50,  1.17it/s]Best trial: 31. Best value: 1258.99:  41%|████      | 41/100 [00:51<00:50,  1.17it/s]Best trial: 31. Best value: 1258.99:  42%|████▏     | 42/100 [00:51<00:48,  1.20it/s]                                                                                     Best trial: 31. Best value: 1258.99:  42%|████▏     | 42/100 [00:52<00:48,  1.20it/s]Best trial: 31. Best value: 1258.99:  42%|████▏     | 42/100 [00:52<00:48,  1.20it/s]Best trial: 31. Best value: 1258.99:  43%|████▎     | 43/100 [00:52<00:44,  1.29it/s]                                                                                     Best trial: 31. Best value: 1258.99:  43%|████▎     | 43/100 [00:53<00:44,  1.29it/s]Best trial: 31. Best value: 1258.99:  43%|████▎     | 43/100 [00:53<00:44,  1.29it/s]Best trial: 31. Best value: 1258.99:  44%|████▍     | 44/100 [00:53<00:56,  1.01s/it]                                                                                     Best trial: 31. Best value: 1258.99:  44%|████▍     | 44/100 [00:56<00:56,  1.01s/it]Best trial: 31. Best value: 1258.99:  44%|████▍     | 44/100 [00:56<00:56,  1.01s/it]Best trial: 31. Best value: 1258.99:  45%|████▌     | 45/100 [00:56<01:25,  1.56s/it]                                                                                     Best trial: 31. Best value: 1258.99:  45%|████▌     | 45/100 [00:57<01:25,  1.56s/it]Best trial: 31. Best value: 1258.99:  45%|████▌     | 45/100 [00:57<01:25,  1.56s/it]Best trial: 31. Best value: 1258.99:  46%|████▌     | 46/100 [00:57<01:15,  1.40s/it]                                                                                     Best trial: 31. Best value: 1258.99:  46%|████▌     | 46/100 [00:58<01:15,  1.40s/it]Best trial: 31. Best value: 1258.99:  46%|████▌     | 46/100 [00:58<01:15,  1.40s/it]Best trial: 31. Best value: 1258.99:  47%|████▋     | 47/100 [00:58<01:04,  1.22s/it]                                                                                     Best trial: 31. Best value: 1258.99:  47%|████▋     | 47/100 [01:00<01:04,  1.22s/it]Best trial: 31. Best value: 1258.99:  47%|████▋     | 47/100 [01:00<01:04,  1.22s/it]Best trial: 31. Best value: 1258.99:  48%|████▊     | 48/100 [01:00<01:10,  1.35s/it]                                                                                     Best trial: 31. Best value: 1258.99:  48%|████▊     | 48/100 [01:02<01:10,  1.35s/it]Best trial: 31. Best value: 1258.99:  48%|████▊     | 48/100 [01:02<01:10,  1.35s/it]Best trial: 31. Best value: 1258.99:  49%|████▉     | 49/100 [01:02<01:24,  1.67s/it]                                                                                     Best trial: 31. Best value: 1258.99:  49%|████▉     | 49/100 [01:05<01:24,  1.67s/it]Best trial: 31. Best value: 1258.99:  49%|████▉     | 49/100 [01:05<01:24,  1.67s/it]Best trial: 31. Best value: 1258.99:  50%|█████     | 50/100 [01:05<01:37,  1.95s/it]                                                                                     Best trial: 31. Best value: 1258.99:  50%|█████     | 50/100 [01:09<01:37,  1.95s/it]Best trial: 31. Best value: 1258.99:  50%|█████     | 50/100 [01:09<01:37,  1.95s/it]Best trial: 31. Best value: 1258.99:  51%|█████     | 51/100 [01:09<02:06,  2.59s/it]                                                                                     Best trial: 31. Best value: 1258.99:  51%|█████     | 51/100 [01:17<02:06,  2.59s/it]Best trial: 31. Best value: 1258.99:  51%|█████     | 51/100 [01:17<02:06,  2.59s/it]Best trial: 31. Best value: 1258.99:  52%|█████▏    | 52/100 [01:17<03:18,  4.14s/it]                                                                                     Best trial: 31. Best value: 1258.99:  52%|█████▏    | 52/100 [01:19<03:18,  4.14s/it]Best trial: 31. Best value: 1258.99:  52%|█████▏    | 52/100 [01:19<03:18,  4.14s/it]Best trial: 31. Best value: 1258.99:  53%|█████▎    | 53/100 [01:19<02:54,  3.71s/it]                                                                                     Best trial: 31. Best value: 1258.99:  53%|█████▎    | 53/100 [01:21<02:54,  3.71s/it]Best trial: 31. Best value: 1258.99:  53%|█████▎    | 53/100 [01:21<02:54,  3.71s/it]Best trial: 31. Best value: 1258.99:  54%|█████▍    | 54/100 [01:21<02:21,  3.07s/it]                                                                                     [I 2026-05-18 20:40:12,914] Trial 36 finished with value: 1511.7621437355324 and parameters: {'n_estimators': 757, 'learning_rate': 0.04174924879330491, 'max_depth': 9, 'min_child_weight': 1.8002542290269263, 'subsample': 0.6726805937710221, 'colsample_bytree': 0.7908146172996134, 'gamma': 0.005427403689400695, 'reg_alpha': 1.864190714707238, 'reg_lambda': 0.013450546560555646}. Best is trial 31 with value: 1258.9909125434028.
[I 2026-05-18 20:40:13,530] Trial 37 finished with value: 1287.009232132523 and parameters: {'n_estimators': 1222, 'learning_rate': 0.06399511730316705, 'max_depth': 10, 'min_child_weight': 1.0080586900407502, 'subsample': 0.6000284703830826, 'colsample_bytree': 0.7218463787477031, 'gamma': 0.7285459805659716, 'reg_alpha': 0.08546590948146061, 'reg_lambda': 0.0007770992152530071}. Best is trial 31 with value: 1258.9909125434028.
[I 2026-05-18 20:40:14,254] Trial 38 finished with value: 1375.748245804398 and parameters: {'n_estimators': 1103, 'learning_rate': 0.04984020626244898, 'max_depth': 10, 'min_child_weight': 1.4556930599552862, 'subsample': 0.6006995984785011, 'colsample_bytree': 0.6833445498564095, 'gamma': 0.9117388804771793, 'reg_alpha': 0.06500072642122542, 'reg_lambda': 0.0008850520418110171}. Best is trial 31 with value: 1258.9909125434028.
[I 2026-05-18 20:40:14,722] Trial 39 finished with value: 1662.8519558376736 and parameters: {'n_estimators': 1244, 'learning_rate': 0.2058403728770414, 'max_depth': 10, 'min_child_weight': 1.026195157782187, 'subsample': 0.6324349617078844, 'colsample_bytree': 0.6584578129404468, 'gamma': 0.0003552561451019703, 'reg_alpha': 0.001120593769249708, 'reg_lambda': 0.10409205484953649}. Best is trial 31 with value: 1258.9909125434028.
[I 2026-05-18 20:40:15,784] Trial 40 finished with value: 1698.4627549913193 and parameters: {'n_estimators': 1192, 'learning_rate': 0.0879846124270813, 'max_depth': 10, 'min_child_weight': 3.017036439775462, 'subsample': 0.6831046801761816, 'colsample_bytree': 0.7665130167214862, 'gamma': 1.0270701191372563e-08, 'reg_alpha': 0.011918981812919009, 'reg_lambda': 0.00020379687234633158}. Best is trial 31 with value: 1258.9909125434028.
[I 2026-05-18 20:40:16,554] Trial 41 finished with value: 1353.0524992766204 and parameters: {'n_estimators': 762, 'learning_rate': 0.06208296137892705, 'max_depth': 8, 'min_child_weight': 1.1499897216362758, 'subsample': 0.6465255811631712, 'colsample_bytree': 0.7192622813850134, 'gamma': 0.3524001786320763, 'reg_alpha': 0.23890461005863578, 'reg_lambda': 0.006664776629837565}. Best is trial 31 with value: 1258.9909125434028.
[I 2026-05-18 20:40:17,193] Trial 42 finished with value: 1317.4514069733796 and parameters: {'n_estimators': 966, 'learning_rate': 0.07185748493503245, 'max_depth': 8, 'min_child_weight': 1.3329395992933644, 'subsample': 0.6257440667998417, 'colsample_bytree': 0.7245434736389422, 'gamma': 0.53482651220803, 'reg_alpha': 0.13437864683361928, 'reg_lambda': 0.005871570154067166}. Best is trial 31 with value: 1258.9909125434028.
[I 2026-05-18 20:40:18,750] Trial 43 finished with value: 1324.913113064236 and parameters: {'n_estimators': 955, 'learning_rate': 0.03485545575302852, 'max_depth': 9, 'min_child_weight': 1.3289560471167128, 'subsample': 0.6158948509133663, 'colsample_bytree': 0.7404047942553199, 'gamma': 0.9435268828091193, 'reg_alpha': 1.7419439280681157, 'reg_lambda': 0.6164499086329324}. Best is trial 31 with value: 1258.9909125434028.
[I 2026-05-18 20:40:21,582] Trial 44 finished with value: 1503.4841670283565 and parameters: {'n_estimators': 977, 'learning_rate': 0.010661223528944603, 'max_depth': 9, 'min_child_weight': 1.3451468326062685, 'subsample': 0.6296291371341685, 'colsample_bytree': 0.7408687233594731, 'gamma': 0.9489254801407055, 'reg_alpha': 2.046180010147975, 'reg_lambda': 1.6271643264676001}. Best is trial 31 with value: 1258.9909125434028.
[I 2026-05-18 20:40:22,620] Trial 45 finished with value: 1548.0771484375 and parameters: {'n_estimators': 1414, 'learning_rate': 0.033492066692111466, 'max_depth': 8, 'min_child_weight': 1.725960114804421, 'subsample': 0.6219301049393814, 'colsample_bytree': 0.9750648387141825, 'gamma': 0.07933573608469102, 'reg_alpha': 1.273808300373325, 'reg_lambda': 0.3140417461884204}. Best is trial 31 with value: 1258.9909125434028.
[I 2026-05-18 20:40:23,436] Trial 46 finished with value: 1553.3259458188656 and parameters: {'n_estimators': 992, 'learning_rate': 0.06851267480633645, 'max_depth': 9, 'min_child_weight': 1.5182178322911208, 'subsample': 0.6610363296924213, 'colsample_bytree': 0.6482139750580248, 'gamma': 0.02457781242160397, 'reg_alpha': 0.09033502570947924, 'reg_lambda': 0.0027914340481905507}. Best is trial 31 with value: 1258.9909125434028.
[I 2026-05-18 20:40:25,079] Trial 47 finished with value: 1571.1959273726852 and parameters: {'n_estimators': 1358, 'learning_rate': 0.03417830456732898, 'max_depth': 8, 'min_child_weight': 2.295387509038837, 'subsample': 0.6757156833941713, 'colsample_bytree': 0.7248015648680615, 'gamma': 0.1676788550890446, 'reg_alpha': 0.006605838630281947, 'reg_lambda': 0.7195967042194946}. Best is trial 31 with value: 1258.9909125434028.
[I 2026-05-18 20:40:27,484] Trial 48 finished with value: 1527.0298755787037 and parameters: {'n_estimators': 1063, 'learning_rate': 0.043597570188140346, 'max_depth': 10, 'min_child_weight': 1.316419970657338, 'subsample': 0.7610154055087183, 'colsample_bytree': 0.7048929959295727, 'gamma': 0.4989030599820802, 'reg_alpha': 4.820789696616052, 'reg_lambda': 0.137390636805165}. Best is trial 31 with value: 1258.9909125434028.
[I 2026-05-18 20:40:30,107] Trial 49 finished with value: 1428.1733940972222 and parameters: {'n_estimators': 1247, 'learning_rate': 0.07436079265526874, 'max_depth': 9, 'min_child_weight': 1.9907604385482605, 'subsample': 0.8208820206786354, 'colsample_bytree': 0.744093230542129, 'gamma': 0.05355006622587884, 'reg_alpha': 0.038275339406848595, 'reg_lambda': 0.0003740578768328157}. Best is trial 31 with value: 1258.9909125434028.
[I 2026-05-18 20:40:34,176] Trial 50 finished with value: 1609.152786820023 and parameters: {'n_estimators': 470, 'learning_rate': 0.02807206126659645, 'max_depth': 10, 'min_child_weight': 1.086989808110519, 'subsample': 0.8923803674751706, 'colsample_bytree': 0.6857891081087342, 'gamma': 0.015706106013177255, 'reg_alpha': 1.5010779047443024, 'reg_lambda': 0.0031060225565661334}. Best is trial 31 with value: 1258.9909125434028.
[I 2026-05-18 20:40:41,923] Trial 51 finished with value: 1443.1326859085648 and parameters: {'n_estimators': 918, 'learning_rate': 0.055293164443420646, 'max_depth': 9, 'min_child_weight': 1.2828933412826782, 'subsample': 0.6081794834297097, 'colsample_bytree': 0.7891083965451422, 'gamma': 0.5067374906274158, 'reg_alpha': 0.1816546004052329, 'reg_lambda': 0.024279700186815585}. Best is trial 31 with value: 1258.9909125434028.
[I 2026-05-18 20:40:44,633] Trial 52 finished with value: 1383.2877423321759 and parameters: {'n_estimators': 616, 'learning_rate': 0.046096378998195055, 'max_depth': 9, 'min_child_weight': 1.4527450887297375, 'subsample': 0.6138420955547291, 'colsample_bytree': 0.7700027871539974, 'gamma': 1.1286517590591045e-05, 'reg_alpha': 0.07583395616707717, 'reg_lambda': 0.33300682627123473}. Best is trial 31 with value: 1258.9909125434028.
[I 2026-05-18 20:40:46,204] Trial 53 finished with value: 1495.290798611111 and parameters: {'n_estimators': 802, 'learning_rate': 0.09687521321772014, 'max_depth': 9, 'min_child_weight': 1.0058942642098043, 'subsample': 0.633698735450883, 'colsample_bytree': 0.7490076274893555, 'gamma': 0.18054809955615753, 'reg_alpha': 0.3642179084197965, 'reg_lambda': 0.0073122657973663015}. Best is trial 31 with value: 1258.9909125434028.
