Best trial: 31. Best value: 1258.99:  54%|█████▍    | 54/100 [01:21<02:21,  3.07s/it]Best trial: 31. Best value: 1258.99:  54%|█████▍    | 54/100 [01:21<02:21,  3.07s/it]Best trial: 31. Best value: 1258.99:  55%|█████▌    | 55/100 [01:21<01:45,  2.34s/it]                                                                                     Best trial: 31. Best value: 1258.99:  55%|█████▌    | 55/100 [01:23<01:45,  2.34s/it]Best trial: 31. Best value: 1258.99:  55%|█████▌    | 55/100 [01:23<01:45,  2.34s/it]Best trial: 31. Best value: 1258.99:  56%|█████▌    | 56/100 [01:23<01:30,  2.06s/it]                                                                                     Best trial: 31. Best value: 1258.99:  56%|█████▌    | 56/100 [01:24<01:30,  2.06s/it]Best trial: 31. Best value: 1258.99:  56%|█████▌    | 56/100 [01:24<01:30,  2.06s/it]Best trial: 31. Best value: 1258.99:  57%|█████▋    | 57/100 [01:24<01:20,  1.88s/it]                                                                                     Best trial: 31. Best value: 1258.99:  57%|█████▋    | 57/100 [01:25<01:20,  1.88s/it]Best trial: 31. Best value: 1258.99:  57%|█████▋    | 57/100 [01:25<01:20,  1.88s/it]Best trial: 31. Best value: 1258.99:  58%|█████▊    | 58/100 [01:25<01:04,  1.54s/it]                                                                                     Best trial: 31. Best value: 1258.99:  58%|█████▊    | 58/100 [01:26<01:04,  1.54s/it]Best trial: 31. Best value: 1258.99:  58%|█████▊    | 58/100 [01:26<01:04,  1.54s/it]Best trial: 31. Best value: 1258.99:  59%|█████▉    | 59/100 [01:26<00:57,  1.40s/it]                                                                                     Best trial: 31. Best value: 1258.99:  59%|█████▉    | 59/100 [01:28<00:57,  1.40s/it]Best trial: 31. Best value: 1258.99:  59%|█████▉    | 59/100 [01:28<00:57,  1.40s/it]Best trial: 31. Best value: 1258.99:  60%|██████    | 60/100 [01:28<00:55,  1.39s/it]                                                                                     Best trial: 31. Best value: 1258.99:  60%|██████    | 60/100 [01:30<00:55,  1.39s/it]Best trial: 31. Best value: 1258.99:  60%|██████    | 60/100 [01:30<00:55,  1.39s/it]Best trial: 31. Best value: 1258.99:  61%|██████    | 61/100 [01:30<01:04,  1.66s/it]                                                                                     Best trial: 31. Best value: 1258.99:  61%|██████    | 61/100 [01:31<01:04,  1.66s/it]Best trial: 31. Best value: 1258.99:  61%|██████    | 61/100 [01:31<01:04,  1.66s/it]Best trial: 31. Best value: 1258.99:  62%|██████▏   | 62/100 [01:31<00:57,  1.52s/it]                                                                                     Best trial: 31. Best value: 1258.99:  62%|██████▏   | 62/100 [01:33<00:57,  1.52s/it]Best trial: 31. Best value: 1258.99:  62%|██████▏   | 62/100 [01:33<00:57,  1.52s/it]Best trial: 31. Best value: 1258.99:  63%|██████▎   | 63/100 [01:33<00:58,  1.58s/it]                                                                                     Best trial: 31. Best value: 1258.99:  63%|██████▎   | 63/100 [01:34<00:58,  1.58s/it]Best trial: 31. Best value: 1258.99:  63%|██████▎   | 63/100 [01:34<00:58,  1.58s/it]Best trial: 31. Best value: 1258.99:  64%|██████▍   | 64/100 [01:34<00:56,  1.56s/it]                                                                                     Best trial: 31. Best value: 1258.99:  64%|██████▍   | 64/100 [01:35<00:56,  1.56s/it]Best trial: 31. Best value: 1258.99:  64%|██████▍   | 64/100 [01:35<00:56,  1.56s/it]Best trial: 31. Best value: 1258.99:  65%|██████▌   | 65/100 [01:35<00:49,  1.42s/it]                                                                                     Best trial: 31. Best value: 1258.99:  65%|██████▌   | 65/100 [01:37<00:49,  1.42s/it]Best trial: 31. Best value: 1258.99:  65%|██████▌   | 65/100 [01:37<00:49,  1.42s/it]Best trial: 31. Best value: 1258.99:  66%|██████▌   | 66/100 [01:37<00:54,  1.60s/it]                                                                                     Best trial: 31. Best value: 1258.99:  66%|██████▌   | 66/100 [01:38<00:54,  1.60s/it]Best trial: 31. Best value: 1258.99:  66%|██████▌   | 66/100 [01:38<00:54,  1.60s/it]Best trial: 31. Best value: 1258.99:  67%|██████▋   | 67/100 [01:38<00:45,  1.39s/it]                                                                                     Best trial: 31. Best value: 1258.99:  67%|██████▋   | 67/100 [01:40<00:45,  1.39s/it]Best trial: 31. Best value: 1258.99:  67%|██████▋   | 67/100 [01:40<00:45,  1.39s/it]Best trial: 31. Best value: 1258.99:  68%|██████▊   | 68/100 [01:40<00:44,  1.38s/it]                                                                                     Best trial: 31. Best value: 1258.99:  68%|██████▊   | 68/100 [01:41<00:44,  1.38s/it]Best trial: 31. Best value: 1258.99:  68%|██████▊   | 68/100 [01:41<00:44,  1.38s/it]Best trial: 31. Best value: 1258.99:  69%|██████▉   | 69/100 [01:41<00:38,  1.24s/it]                                                                                     Best trial: 31. Best value: 1258.99:  69%|██████▉   | 69/100 [01:41<00:38,  1.24s/it]Best trial: 31. Best value: 1258.99:  69%|██████▉   | 69/100 [01:41<00:38,  1.24s/it]Best trial: 31. Best value: 1258.99:  70%|███████   | 70/100 [01:41<00:32,  1.08s/it]                                                                                     Best trial: 31. Best value: 1258.99:  70%|███████   | 70/100 [01:42<00:32,  1.08s/it]Best trial: 31. Best value: 1258.99:  70%|███████   | 70/100 [01:42<00:32,  1.08s/it]Best trial: 31. Best value: 1258.99:  71%|███████   | 71/100 [01:42<00:26,  1.10it/s]                                                                                     Best trial: 31. Best value: 1258.99:  71%|███████   | 71/100 [01:43<00:26,  1.10it/s]Best trial: 31. Best value: 1258.99:  71%|███████   | 71/100 [01:43<00:26,  1.10it/s]Best trial: 31. Best value: 1258.99:  72%|███████▏  | 72/100 [01:43<00:27,  1.03it/s]                                                                                     [I 2026-05-18 20:40:46,846] Trial 54 finished with value: 1386.753589771412 and parameters: {'n_estimators': 725, 'learning_rate': 0.07233395343370429, 'max_depth': 8, 'min_child_weight': 1.1179395853202874, 'subsample': 0.6110569020937375, 'colsample_bytree': 0.8049572516254502, 'gamma': 0.0009729505966760438, 'reg_alpha': 0.1205255023465537, 'reg_lambda': 7.966429047352841e-05}. Best is trial 31 with value: 1258.9909125434028.
[I 2026-05-18 20:40:48,243] Trial 55 finished with value: 1726.523509837963 and parameters: {'n_estimators': 1168, 'learning_rate': 0.11669838202229035, 'max_depth': 8, 'min_child_weight': 4.933256980338711, 'subsample': 0.6319040143542578, 'colsample_bytree': 0.7298466009709959, 'gamma': 0.9591564206670488, 'reg_alpha': 1.0436616846890336, 'reg_lambda': 0.05484151103477718}. Best is trial 31 with value: 1258.9909125434028.
[I 2026-05-18 20:40:49,713] Trial 56 finished with value: 1307.4405110677083 and parameters: {'n_estimators': 944, 'learning_rate': 0.03571610378635765, 'max_depth': 10, 'min_child_weight': 1.3447574405483744, 'subsample': 0.6516100159513005, 'colsample_bytree': 0.7597793284538606, 'gamma': 2.7334117909480383e-05, 'reg_alpha': 1.7944365024927354e-06, 'reg_lambda': 0.0013468966056967456}. Best is trial 31 with value: 1258.9909125434028.
[I 2026-05-18 20:40:50,470] Trial 57 finished with value: 1840.9109519675926 and parameters: {'n_estimators': 1047, 'learning_rate': 0.021616478072021793, 'max_depth': 10, 'min_child_weight': 1.3800084834541908, 'subsample': 0.9848002836238421, 'colsample_bytree': 0.7051936132925984, 'gamma': 0.2940683538326432, 'reg_alpha': 1.290999892942687e-06, 'reg_lambda': 0.0008843670231158552}. Best is trial 31 with value: 1258.9909125434028.
[I 2026-05-18 20:40:51,536] Trial 58 finished with value: 1460.701732494213 and parameters: {'n_estimators': 918, 'learning_rate': 0.036263152829441606, 'max_depth': 10, 'min_child_weight': 1.5270275260181319, 'subsample': 0.7505785865039717, 'colsample_bytree': 0.7622579591248655, 'gamma': 3.787557135983906e-06, 'reg_alpha': 7.709746398621682e-08, 'reg_lambda': 0.001532820274745406}. Best is trial 31 with value: 1258.9909125434028.
[I 2026-05-18 20:40:52,915] Trial 59 finished with value: 1338.4455023871528 and parameters: {'n_estimators': 1488, 'learning_rate': 0.030693918894641195, 'max_depth': 10, 'min_child_weight': 1.7609750016078307, 'subsample': 0.6502271590140385, 'colsample_bytree': 0.7326930674952481, 'gamma': 0.4920056101140223, 'reg_alpha': 1.0221625003903918e-06, 'reg_lambda': 7.570490775651623e-05}. Best is trial 31 with value: 1258.9909125434028.
[I 2026-05-18 20:40:55,212] Trial 60 finished with value: 1451.3290020978009 and parameters: {'n_estimators': 964, 'learning_rate': 0.014082092614677128, 'max_depth': 10, 'min_child_weight': 1.112975097619608, 'subsample': 0.7140502914464599, 'colsample_bytree': 0.7115646760857074, 'gamma': 1.9549258101892166e-05, 'reg_alpha': 2.261218336865139e-05, 'reg_lambda': 0.0003999988111654708}. Best is trial 31 with value: 1258.9909125434028.
[I 2026-05-18 20:40:56,378] Trial 61 finished with value: 1359.4611725983796 and parameters: {'n_estimators': 1761, 'learning_rate': 0.03091976865114501, 'max_depth': 10, 'min_child_weight': 1.756463361542637, 'subsample': 0.651044240123835, 'colsample_bytree': 0.7270468202317582, 'gamma': 0.5353036757739564, 'reg_alpha': 1.5293803009834068e-06, 'reg_lambda': 1.2273837827014208e-05}. Best is trial 31 with value: 1258.9909125434028.
[I 2026-05-18 20:40:58,115] Trial 62 finished with value: 1403.6098271122685 and parameters: {'n_estimators': 1519, 'learning_rate': 0.02291925943483056, 'max_depth': 10, 'min_child_weight': 1.3133735524581855, 'subsample': 0.6913293821084066, 'colsample_bytree': 0.737480893740291, 'gamma': 0.09650806169360103, 'reg_alpha': 3.5003664560642253e-07, 'reg_lambda': 0.004311527845130801}. Best is trial 31 with value: 1258.9909125434028.
[I 2026-05-18 20:40:59,620] Trial 63 finished with value: 1357.4107982494213 and parameters: {'n_estimators': 1477, 'learning_rate': 0.027100400496080698, 'max_depth': 10, 'min_child_weight': 1.6309119537502095, 'subsample': 0.6177088145419674, 'colsample_bytree': 0.6841523220701451, 'gamma': 3.029824285704111e-05, 'reg_alpha': 8.999702322209571e-06, 'reg_lambda': 7.648396485436415e-06}. Best is trial 31 with value: 1258.9909125434028.
[I 2026-05-18 20:41:00,722] Trial 64 finished with value: 1281.0980360243057 and parameters: {'n_estimators': 1675, 'learning_rate': 0.05912649889621527, 'max_depth': 9, 'min_child_weight': 1.1999659905452116, 'subsample': 0.6510177658393821, 'colsample_bytree': 0.7518892449278088, 'gamma': 0.49888370826230016, 'reg_alpha': 0.00017168170616484616, 'reg_lambda': 7.960387380910608e-05}. Best is trial 31 with value: 1258.9909125434028.
[I 2026-05-18 20:41:02,723] Trial 65 finished with value: 1432.5669307002315 and parameters: {'n_estimators': 1903, 'learning_rate': 0.058569040923525946, 'max_depth': 9, 'min_child_weight': 1.2305397586715683, 'subsample': 0.6719873400501583, 'colsample_bytree': 0.7492149858852183, 'gamma': 0.20920560818962408, 'reg_alpha': 0.00012206410094364728, 'reg_lambda': 3.0923486202829484}. Best is trial 31 with value: 1258.9909125434028.
[I 2026-05-18 20:41:03,648] Trial 66 finished with value: 1480.0758915653935 and parameters: {'n_estimators': 1088, 'learning_rate': 0.04592758195098956, 'max_depth': 8, 'min_child_weight': 1.1975082188282773, 'subsample': 0.7880386464177903, 'colsample_bytree': 0.7735922095871905, 'gamma': 0.00016742215793465957, 'reg_alpha': 0.0018747973187365097, 'reg_lambda': 7.608106114993455e-05}. Best is trial 31 with value: 1258.9909125434028.
[I 2026-05-18 20:41:05,007] Trial 67 finished with value: 1445.3111346209491 and parameters: {'n_estimators': 1603, 'learning_rate': 0.04024245243847539, 'max_depth': 7, 'min_child_weight': 1.0560284611648427, 'subsample': 0.6410381607116813, 'colsample_bytree': 0.8149118020380062, 'gamma': 0.11830317146219767, 'reg_alpha': 0.00019635373057223148, 'reg_lambda': 0.001139183429849159}. Best is trial 31 with value: 1258.9909125434028.
[I 2026-05-18 20:41:05,898] Trial 68 finished with value: 1346.5443341290509 and parameters: {'n_estimators': 1791, 'learning_rate': 0.053013349844454195, 'max_depth': 9, 'min_child_weight': 1.3559286037305243, 'subsample': 0.6271421230869257, 'colsample_bytree': 0.7568807325412349, 'gamma': 9.939548957612697e-07, 'reg_alpha': 1.0766883547471671e-08, 'reg_lambda': 0.0005509813375369749}. Best is trial 31 with value: 1258.9909125434028.
[I 2026-05-18 20:41:06,609] Trial 69 finished with value: 1411.2690520109954 and parameters: {'n_estimators': 798, 'learning_rate': 0.08024746256197961, 'max_depth': 9, 'min_child_weight': 1.5524355889294288, 'subsample': 0.6122883615746983, 'colsample_bytree': 0.7998834903612205, 'gamma': 0.042213154082462526, 'reg_alpha': 0.0006339621297700714, 'reg_lambda': 0.011398601983806213}. Best is trial 31 with value: 1258.9909125434028.
[I 2026-05-18 20:41:07,139] Trial 70 finished with value: 1765.4429796006943 and parameters: {'n_estimators': 838, 'learning_rate': 0.06650402479261482, 'max_depth': 6, 'min_child_weight': 3.41511813846953, 'subsample': 0.9392163970229761, 'colsample_bytree': 0.6952631653619248, 'gamma': 0.00921113969221387, 'reg_alpha': 8.368638162743112e-06, 'reg_lambda': 0.00022468468064606014}. Best is trial 31 with value: 1258.9909125434028.
[I 2026-05-18 20:41:08,248] Trial 71 finished with value: 1304.3990885416667 and parameters: {'n_estimators': 1696, 'learning_rate': 0.03761131647001824, 'max_depth': 10, 'min_child_weight': 1.2322486934006105, 'subsample': 0.6501320105211876, 'colsample_bytree': 0.732571948970788, 'gamma': 0.5111218337622033, 'reg_alpha': 1.9609449081350276e-07, 'reg_lambda': 9.038142415804982e-05}. Best is trial 31 with value: 1258.9909125434028.
Best trial: 31. Best value: 1258.99:  72%|███████▏  | 72/100 [01:44<00:27,  1.03it/s]Best trial: 31. Best value: 1258.99:  72%|███████▏  | 72/100 [01:44<00:27,  1.03it/s]Best trial: 31. Best value: 1258.99:  73%|███████▎  | 73/100 [01:44<00:29,  1.11s/it]                                                                                     Best trial: 31. Best value: 1258.99:  73%|███████▎  | 73/100 [01:45<00:29,  1.11s/it]Best trial: 31. Best value: 1258.99:  73%|███████▎  | 73/100 [01:45<00:29,  1.11s/it]Best trial: 31. Best value: 1258.99:  74%|███████▍  | 74/100 [01:45<00:27,  1.04s/it]                                                                                     Best trial: 31. Best value: 1258.99:  74%|███████▍  | 74/100 [01:46<00:27,  1.04s/it]Best trial: 31. Best value: 1258.99:  74%|███████▍  | 74/100 [01:46<00:27,  1.04s/it]Best trial: 31. Best value: 1258.99:  75%|███████▌  | 75/100 [01:46<00:23,  1.05it/s]                                                                                     Best trial: 31. Best value: 1258.99:  75%|███████▌  | 75/100 [01:48<00:23,  1.05it/s]Best trial: 31. Best value: 1258.99:  75%|███████▌  | 75/100 [01:48<00:23,  1.05it/s]Best trial: 31. Best value: 1258.99:  76%|███████▌  | 76/100 [01:48<00:33,  1.39s/it]                                                                                     Best trial: 31. Best value: 1258.99:  76%|███████▌  | 76/100 [01:49<00:33,  1.39s/it]Best trial: 31. Best value: 1258.99:  76%|███████▌  | 76/100 [01:49<00:33,  1.39s/it]Best trial: 31. Best value: 1258.99:  77%|███████▋  | 77/100 [01:49<00:28,  1.22s/it]                                                                                     Best trial: 31. Best value: 1258.99:  77%|███████▋  | 77/100 [01:50<00:28,  1.22s/it]Best trial: 31. Best value: 1258.99:  77%|███████▋  | 77/100 [01:50<00:28,  1.22s/it]Best trial: 31. Best value: 1258.99:  78%|███████▊  | 78/100 [01:50<00:24,  1.11s/it]                                                                                     Best trial: 31. Best value: 1258.99:  78%|███████▊  | 78/100 [01:51<00:24,  1.11s/it]Best trial: 31. Best value: 1258.99:  78%|███████▊  | 78/100 [01:51<00:24,  1.11s/it]Best trial: 31. Best value: 1258.99:  79%|███████▉  | 79/100 [01:51<00:19,  1.08it/s]                                                                                     Best trial: 31. Best value: 1258.99:  79%|███████▉  | 79/100 [01:52<00:19,  1.08it/s]Best trial: 31. Best value: 1258.99:  79%|███████▉  | 79/100 [01:52<00:19,  1.08it/s]Best trial: 31. Best value: 1258.99:  80%|████████  | 80/100 [01:52<00:21,  1.07s/it]                                                                                     Best trial: 31. Best value: 1258.99:  80%|████████  | 80/100 [01:53<00:21,  1.07s/it]Best trial: 31. Best value: 1258.99:  80%|████████  | 80/100 [01:53<00:21,  1.07s/it]Best trial: 31. Best value: 1258.99:  81%|████████  | 81/100 [01:53<00:19,  1.04s/it]                                                                                     Best trial: 31. Best value: 1258.99:  81%|████████  | 81/100 [01:54<00:19,  1.04s/it]Best trial: 31. Best value: 1258.99:  81%|████████  | 81/100 [01:54<00:19,  1.04s/it]Best trial: 31. Best value: 1258.99:  82%|████████▏ | 82/100 [01:54<00:19,  1.07s/it]                                                                                     Best trial: 31. Best value: 1258.99:  82%|████████▏ | 82/100 [01:55<00:19,  1.07s/it]Best trial: 31. Best value: 1258.99:  82%|████████▏ | 82/100 [01:55<00:19,  1.07s/it]Best trial: 31. Best value: 1258.99:  83%|████████▎ | 83/100 [01:55<00:17,  1.03s/it]                                                                                     Best trial: 31. Best value: 1258.99:  83%|████████▎ | 83/100 [01:56<00:17,  1.03s/it]Best trial: 31. Best value: 1258.99:  83%|████████▎ | 83/100 [01:56<00:17,  1.03s/it]Best trial: 31. Best value: 1258.99:  84%|████████▍ | 84/100 [01:56<00:15,  1.01it/s]                                                                                     Best trial: 31. Best value: 1258.99:  84%|████████▍ | 84/100 [01:57<00:15,  1.01it/s]Best trial: 31. Best value: 1258.99:  84%|████████▍ | 84/100 [01:57<00:15,  1.01it/s]Best trial: 31. Best value: 1258.99:  85%|████████▌ | 85/100 [01:57<00:15,  1.04s/it]                                                                                     Best trial: 31. Best value: 1258.99:  85%|████████▌ | 85/100 [01:59<00:15,  1.04s/it]Best trial: 31. Best value: 1258.99:  85%|████████▌ | 85/100 [01:59<00:15,  1.04s/it]Best trial: 31. Best value: 1258.99:  86%|████████▌ | 86/100 [01:59<00:17,  1.26s/it]                                                                                     Best trial: 31. Best value: 1258.99:  86%|████████▌ | 86/100 [01:59<00:17,  1.26s/it]Best trial: 86. Best value: 1250.8:  86%|████████▌ | 86/100 [01:59<00:17,  1.26s/it] Best trial: 86. Best value: 1250.8:  87%|████████▋ | 87/100 [01:59<00:13,  1.06s/it]                                                                                    Best trial: 86. Best value: 1250.8:  87%|████████▋ | 87/100 [02:00<00:13,  1.06s/it]Best trial: 86. Best value: 1250.8:  87%|████████▋ | 87/100 [02:00<00:13,  1.06s/it]Best trial: 86. Best value: 1250.8:  88%|████████▊ | 88/100 [02:00<00:12,  1.07s/it]                                                                                    Best trial: 86. Best value: 1250.8:  88%|████████▊ | 88/100 [02:01<00:12,  1.07s/it]Best trial: 86. Best value: 1250.8:  88%|████████▊ | 88/100 [02:01<00:12,  1.07s/it]Best trial: 86. Best value: 1250.8:  89%|████████▉ | 89/100 [02:01<00:09,  1.16it/s]                                                                                    Best trial: 86. Best value: 1250.8:  89%|████████▉ | 89/100 [02:01<00:09,  1.16it/s]Best trial: 86. Best value: 1250.8:  89%|████████▉ | 89/100 [02:01<00:09,  1.16it/s]Best trial: 86. Best value: 1250.8:  90%|█████████ | 90/100 [02:01<00:07,  1.39it/s]                                                                                    [I 2026-05-18 20:41:09,671] Trial 72 finished with value: 1329.261935763889 and parameters: {'n_estimators': 1832, 'learning_rate': 0.039012706248342216, 'max_depth': 9, 'min_child_weight': 1.1740668683444637, 'subsample': 0.6594549757684054, 'colsample_bytree': 0.7098634357109463, 'gamma': 0.30001646541870475, 'reg_alpha': 3.190980345872714e-08, 'reg_lambda': 7.196501141789682e-06}. Best is trial 31 with value: 1258.9909125434028.
[I 2026-05-18 20:41:10,568] Trial 73 finished with value: 1295.329833984375 and parameters: {'n_estimators': 1715, 'learning_rate': 0.05849232695168535, 'max_depth': 10, 'min_child_weight': 1.283497731722656, 'subsample': 0.640025953711464, 'colsample_bytree': 0.754613690980217, 'gamma': 0.7030513810794911, 'reg_alpha': 5.153848455851928e-07, 'reg_lambda': 0.00011446014232056858}. Best is trial 31 with value: 1258.9909125434028.
[I 2026-05-18 20:41:11,304] Trial 74 finished with value: 1510.4050925925926 and parameters: {'n_estimators': 1648, 'learning_rate': 0.06003661270985895, 'max_depth': 10, 'min_child_weight': 1.0849386371265637, 'subsample': 0.6971926652346757, 'colsample_bytree': 0.7532539281450102, 'gamma': 0.5711262952359234, 'reg_alpha': 4.1921993890088953e-07, 'reg_lambda': 0.00010080302525691526}. Best is trial 31 with value: 1258.9909125434028.
